<?xml version="1.0" encoding="UTF-8"?>
<!-- Generated by org.testng.reporters.JUnitReportReporter -->
<testsuite hostname="DESKTOP-38VAAMB" failures="0" tests="2" name="com.healthcare.Medvista.Doctor.DemoTest" time="0.009" errors="0" timestamp="2024-01-17T11:21:40 IST" skipped="0">
  <testcase classname="com.healthcare.Medvista.Doctor.DemoTest" name="test" time="0.003"/>
  <system-out>
    <![CDATA[==Test script1===]]>
  </system-out>
  <testcase classname="com.healthcare.Medvista.Doctor.DemoTest" name="test2" time="0.006"/>
  <system-out>
    <![CDATA[===test script2===]]>
  </system-out>
</testsuite> <!-- com.healthcare.Medvista.Doctor.DemoTest -->
