<?xml version="1.0" encoding="UTF-8"?>
<!-- Generated by org.testng.reporters.JUnitReportReporter -->
<testsuite hostname="DESKTOP-38VAAMB" failures="0" tests="1" name="com.healthcare.Medvista.Doctor.UpdateDoctorProfile" time="9.099" errors="0" timestamp="2024-01-17T13:11:17 IST" skipped="0">
  <testcase classname="com.healthcare.Medvista.Doctor.UpdateDoctorProfile" name="updateDoctorProfile" time="9.099"/>
  <system-out/>
</testsuite> <!-- com.healthcare.Medvista.Doctor.UpdateDoctorProfile -->
