<?xml version="1.0" encoding="UTF-8"?>
<!-- Generated by org.testng.reporters.JUnitReportReporter -->
<testsuite hostname="DESKTOP-38VAAMB" failures="0" tests="2" name="practicePOM.Practice" time="0.030" errors="0" timestamp="2024-01-23T15:01:32 IST" skipped="0">
  <testcase classname="practicePOM.Practice" name="practice" time="0.018"/>
  <system-out>
    <![CDATA[ first Practice Method is executing]]>
  </system-out>
  <testcase classname="practicePOM.Practice" name="Secondpractice" time="0.012"/>
  <system-out>
    <![CDATA[Second Practice Method is executing]]>
  </system-out>
</testsuite> <!-- practicePOM.Practice -->
