<?xml version="1.0" encoding="UTF-8"?>
<!-- Generated by org.testng.reporters.JUnitReportReporter -->
<testsuite hostname="DESKTOP-38VAAMB" failures="0" tests="1" name="com.healthcare.Medvista.Admin.AddDoctorTest" time="44.432" errors="0" timestamp="2024-01-19T18:03:51 IST" skipped="0">
  <testcase classname="com.healthcare.Medvista.Admin.AddDoctorTest" name="addDoctor" time="44.432"/>
  <system-out>
    <![CDATA[addDoctor Execution Started
addDoctor Executed Sucessfully]]>
  </system-out>
</testsuite> <!-- com.healthcare.Medvista.Admin.AddDoctorTest -->
