<?xml version="1.0" encoding="UTF-8"?>
<!-- Generated by org.testng.reporters.JUnitReportReporter -->
<testsuite hostname="DESKTOP-38VAAMB" failures="0" tests="3" name="com.TestNG.DataProviderDriverTest$DPExcnTest" time="0.032" errors="0" timestamp="2024-01-16T17:37:20 IST" skipped="0">
  <testcase classname="com.TestNG.DataProviderDriverTest$DPExcnTest" name="executeDP" time="0.019"/>
  <system-out/>
  <testcase classname="com.TestNG.DataProviderDriverTest$DPExcnTest" name="executeDP" time="0.008"/>
  <system-out/>
  <testcase classname="com.TestNG.DataProviderDriverTest$DPExcnTest" name="executeDP" time="0.005"/>
  <system-out/>
</testsuite> <!-- com.TestNG.DataProviderDriverTest$DPExcnTest -->
