<?xml version="1.0" encoding="UTF-8"?>
<!-- Generated by org.testng.reporters.JUnitReportReporter -->
<testsuite hostname="DESKTOP-38VAAMB" failures="0" tests="1" name="com.healthcare.Medvista.Admin.AddDoctorSpecializationTest" time="15.496" errors="0" timestamp="2024-01-19T10:14:26 IST" skipped="0">
  <testcase classname="com.healthcare.Medvista.Admin.AddDoctorSpecializationTest" name="addSpecialization" time="15.496"/>
  <system-out/>
</testsuite> <!-- com.healthcare.Medvista.Admin.AddDoctorSpecializationTest -->
