<?xml version="1.0" encoding="UTF-8"?>
<!-- Generated by org.testng.reporters.JUnitReportReporter -->
<testsuite hostname="DESKTOP-38VAAMB" failures="0" tests="3" name="com.TestNG.ReaddataExcel" time="0.022" errors="0" timestamp="2024-01-16T17:42:35 IST" skipped="0">
  <testcase classname="com.TestNG.ReaddataExcel" name="readDataFromExcel" time="0.004"/>
  <system-out/>
  <testcase classname="com.TestNG.ReaddataExcel" name="readDataFromExcel" time="0.014"/>
  <system-out/>
  <testcase classname="com.TestNG.ReaddataExcel" name="readDataFromExcel" time="0.004"/>
  <system-out/>
</testsuite> <!-- com.TestNG.ReaddataExcel -->
