<?xml version="1.0" encoding="UTF-8"?>
<!-- Generated by org.testng.reporters.JUnitReportReporter -->
<testsuite hostname="DESKTOP-38VAAMB" failures="0" tests="2" name="practicePOM.Demo" time="0.056" errors="0" timestamp="2024-01-23T15:01:32 IST" skipped="0">
  <testcase classname="practicePOM.Demo" name="demo" time="0.036"/>
  <system-out>
    <![CDATA[1st demo]]>
  </system-out>
  <testcase classname="practicePOM.Demo" name="seconddemo" time="0.020"/>
  <system-out>
    <![CDATA[2nd demo]]>
  </system-out>
</testsuite> <!-- practicePOM.Demo -->
