<?xml version="1.0" encoding="UTF-8"?>
<!-- Generated by org.testng.reporters.JUnitReportReporter -->
<testsuite hostname="DESKTOP-38VAAMB" failures="0" tests="1" name="com.healthcare.Medvista.Doctor.PatientModuleTest" time="50.373" errors="0" timestamp="2024-01-11T11:36:49 IST" skipped="0">
  <testcase classname="com.healthcare.Medvista.Doctor.PatientModuleTest" name="registerPatient" time="50.373"/>
  <system-out/>
</testsuite> <!-- com.healthcare.Medvista.Doctor.PatientModuleTest -->
