<?xml version="1.0" encoding="UTF-8"?>
<!-- Generated by org.testng.reporters.JUnitReportReporter -->
<testsuite hostname="DESKTOP-38VAAMB" failures="0" tests="2" name="com.healthcare.Medvista.Doctor.AnnotationTest" time="0.045" errors="0" timestamp="2024-01-17T11:21:40 IST" skipped="0">
  <testcase classname="com.healthcare.Medvista.Doctor.AnnotationTest" name="addSpecialization" time="0.022"/>
  <system-out>
    <![CDATA[----Specialization added-----]]>
  </system-out>
  <testcase classname="com.healthcare.Medvista.Doctor.AnnotationTest" name="addDoctor" time="0.023"/>
  <system-out>
    <![CDATA[====Doctor Added Sucessfully=====]]>
  </system-out>
</testsuite> <!-- com.healthcare.Medvista.Doctor.AnnotationTest -->
