<?xml version="1.0" encoding="UTF-8"?>
<!-- Generated by org.testng.reporters.JUnitReportReporter -->
<testsuite hostname="DESKTOP-38VAAMB" failures="0" tests="3" name="com.TestNG.practiceTestNG_Test" time="0.033" errors="0" timestamp="2024-01-16T16:15:35 IST" skipped="0">
  <testcase classname="com.TestNG.practiceTestNG_Test" name="manageSpecialization" time="0.009"/>
  <system-out/>
  <testcase classname="com.TestNG.practiceTestNG_Test" name="deleteSpecialization" time="0.003"/>
  <system-out/>
  <testcase classname="com.TestNG.practiceTestNG_Test" name="addDocSpecialization" time="0.021"/>
  <system-out/>
</testsuite> <!-- com.TestNG.practiceTestNG_Test -->
